# JRE version: Java(TM) SE Runtime Environment (8.0_151-b12) (build 1.8.0_151-b12)
# Java VM: Java HotSpot(TM) 64-Bit Server VM (25.151-b12 mixed mode windows-amd64 compressed oops)
Heap:
 PSYoungGen      total 533504K, used 421403K [0x00000000d5c00000, 0x00000000ff600000, 0x0000000100000000)
  eden space 398336K, 86% used [0x00000000d5c00000,0x00000000eaaeb810,0x00000000ee100000)
  from space 135168K, 58% used [0x00000000f7200000,0x00000000fbe9b640,0x00000000ff600000)
  to   space 141824K, 0% used [0x00000000ee100000,0x00000000ee100000,0x00000000f6b80000)
 ParOldGen       total 283136K, used 130714K [0x0000000081400000, 0x0000000092880000, 0x00000000d5c00000)
  object space 283136K, 46% used [0x0000000081400000,0x00000000893a6b18,0x0000000092880000)
 Metaspace       used 201399K, capacity 206246K, committed 206424K, reserved 1230848K
  class space    used 23980K, capacity 24854K, committed 24960K, reserved 1048576K
GC Heap History (10 events):
Event: 4155.597 GC heap before
{Heap before GC invocations=32 (full 5):
 PSYoungGen      total 524288K, used 490440K [0x00000000d5c00000, 0x0000000100000000, 0x0000000100000000)
  eden space 378880K, 100% used [0x00000000d5c00000,0x00000000ece00000,0x00000000ece00000)
  from space 145408K, 76% used [0x00000000f7200000,0x00000000fdef2218,0x0000000100000000)
  to   space 156672K, 0% used [0x00000000ece00000,0x00000000ece00000,0x00000000f6700000)
 ParOldGen       total 196608K, used 71344K [0x0000000081400000, 0x000000008d400000, 0x00000000d5c00000)
  object space 196608K, 36% used [0x0000000081400000,0x00000000859ac0f0,0x000000008d400000)
 Metaspace       used 166854K, capacity 171214K, committed 171608K, reserved 1200128K
  class space    used 19739K, capacity 20486K, committed 20608K, reserved 1048576K
Event: 4155.647 GC heap after
Heap after GC invocations=32 (full 5):
 PSYoungGen      total 535552K, used 70155K [0x00000000d5c00000, 0x00000000ffe00000, 0x0000000100000000)
  eden space 378880K, 0% used [0x00000000d5c00000,0x00000000d5c00000,0x00000000ece00000)
  from space 156672K, 44% used [0x00000000ece00000,0x00000000f1282fb8,0x00000000f6700000)
  to   space 150016K, 0% used [0x00000000f6b80000,0x00000000f6b80000,0x00000000ffe00000)
 ParOldGen       total 196608K, used 75609K [0x0000000081400000, 0x000000008d400000, 0x00000000d5c00000)
  object space 196608K, 38% used [0x0000000081400000,0x0000000085dd6778,0x000000008d400000)
 Metaspace       used 166854K, capacity 171214K, committed 171608K, reserved 1200128K
  class space    used 19739K, capacity 20486K, committed 20608K, reserved 1048576K
}
Event: 4157.136 GC heap before
{Heap before GC invocations=33 (full 5):
 PSYoungGen      total 535552K, used 393185K [0x00000000d5c00000, 0x00000000ffe00000, 0x0000000100000000)
  eden space 378880K, 85% used [0x00000000d5c00000,0x00000000e9775658,0x00000000ece00000)
  from space 156672K, 44% used [0x00000000ece00000,0x00000000f1282fb8,0x00000000f6700000)
  to   space 150016K, 0% used [0x00000000f6b80000,0x00000000f6b80000,0x00000000ffe00000)
 ParOldGen       total 196608K, used 75609K [0x0000000081400000, 0x000000008d400000, 0x00000000d5c00000)
  object space 196608K, 38% used [0x0000000081400000,0x0000000085dd6778,0x000000008d400000)
 Metaspace       used 170198K, capacity 174580K, committed 174808K, reserved 1204224K
  class space    used 20164K, capacity 20922K, committed 20992K, reserved 1048576K
Event: 4157.210 GC heap after
Heap after GC invocations=33 (full 5):
 PSYoungGen      total 527872K, used 81907K [0x00000000d5c00000, 0x00000000ff680000, 0x0000000100000000)
  eden space 385536K, 0% used [0x00000000d5c00000,0x00000000d5c00000,0x00000000ed480000)
  from space 142336K, 57% used [0x00000000f6b80000,0x00000000fbb7ce90,0x00000000ff680000)
  to   space 148480K, 0% used [0x00000000ed480000,0x00000000ed480000,0x00000000f6580000)
 ParOldGen       total 196608K, used 81057K [0x0000000081400000, 0x000000008d400000, 0x00000000d5c00000)
  object space 196608K, 41% used [0x0000000081400000,0x0000000086328650,0x000000008d400000)
 Metaspace       used 170198K, capacity 174580K, committed 174808K, reserved 1204224K
  class space    used 20164K, capacity 20922K, committed 20992K, reserved 1048576K
}
Event: 4157.210 GC heap before
{Heap before GC invocations=34 (full 6):
 PSYoungGen      total 527872K, used 81907K [0x00000000d5c00000, 0x00000000ff680000, 0x0000000100000000)
  eden space 385536K, 0% used [0x00000000d5c00000,0x00000000d5c00000,0x00000000ed480000)
  from space 142336K, 57% used [0x00000000f6b80000,0x00000000fbb7ce90,0x00000000ff680000)
  to   space 148480K, 0% used [0x00000000ed480000,0x00000000ed480000,0x00000000f6580000)
 ParOldGen       total 196608K, used 81057K [0x0000000081400000, 0x000000008d400000, 0x00000000d5c00000)
  object space 196608K, 41% used [0x0000000081400000,0x0000000086328650,0x000000008d400000)
 Metaspace       used 170198K, capacity 174580K, committed 174808K, reserved 1204224K
  class space    used 20164K, capacity 20922K, committed 20992K, reserved 1048576K
Event: 4157.445 GC heap after
Heap after GC invocations=34 (full 6):
 PSYoungGen      total 527872K, used 0K [0x00000000d5c00000, 0x00000000ff680000, 0x0000000100000000)
  eden space 385536K, 0% used [0x00000000d5c00000,0x00000000d5c00000,0x00000000ed480000)
  from space 142336K, 0% used [0x00000000f6b80000,0x00000000f6b80000,0x00000000ff680000)
  to   space 148480K, 0% used [0x00000000ed480000,0x00000000ed480000,0x00000000f6580000)
 ParOldGen       total 283136K, used 124705K [0x0000000081400000, 0x0000000092880000, 0x00000000d5c00000)
  object space 283136K, 44% used [0x0000000081400000,0x0000000088dc84f0,0x0000000092880000)
 Metaspace       used 169861K, capacity 173732K, committed 174808K, reserved 1204224K
  class space    used 20130K, capacity 20858K, committed 20992K, reserved 1048576K
}
Event: 4184.543 GC heap before
{Heap before GC invocations=35 (full 6):
 PSYoungGen      total 527872K, used 385536K [0x00000000d5c00000, 0x00000000ff680000, 0x0000000100000000)
  eden space 385536K, 100% used [0x00000000d5c00000,0x00000000ed480000,0x00000000ed480000)
  from space 142336K, 0% used [0x00000000f6b80000,0x00000000f6b80000,0x00000000ff680000)
  to   space 148480K, 0% used [0x00000000ed480000,0x00000000ed480000,0x00000000f6580000)
 ParOldGen       total 283136K, used 124722K [0x0000000081400000, 0x0000000092880000, 0x00000000d5c00000)
  object space 283136K, 44% used [0x0000000081400000,0x0000000088dccad8,0x0000000092880000)
 Metaspace       used 181787K, capacity 185978K, committed 186584K, reserved 1214464K
  class space    used 21654K, capacity 22422K, committed 22528K, reserved 1048576K
Event: 4184.601 GC heap after
Heap after GC invocations=35 (full 6):
 PSYoungGen      total 534016K, used 78766K [0x00000000d5c00000, 0x0000000100000000, 0x0000000100000000)
  eden space 385536K, 0% used [0x00000000d5c00000,0x00000000d5c00000,0x00000000ed480000)
  from space 148480K, 53% used [0x00000000ed480000,0x00000000f216b9e8,0x00000000f6580000)
  to   space 145408K, 0% used [0x00000000f7200000,0x00000000f7200000,0x0000000100000000)
 ParOldGen       total 283136K, used 124730K [0x0000000081400000, 0x0000000092880000, 0x00000000d5c00000)
  object space 283136K, 44% used [0x0000000081400000,0x0000000088dcead8,0x0000000092880000)
 Metaspace       used 181787K, capacity 185978K, committed 186584K, reserved 1214464K
  class space    used 21654K, capacity 22422K, committed 22528K, reserved 1048576K
}
Event: 4187.028 GC heap before
{Heap before GC invocations=36 (full 6):
 PSYoungGen      total 534016K, used 464302K [0x00000000d5c00000, 0x0000000100000000, 0x0000000100000000)
  eden space 385536K, 100% used [0x00000000d5c00000,0x00000000ed480000,0x00000000ed480000)
  from space 148480K, 53% used [0x00000000ed480000,0x00000000f216b9e8,0x00000000f6580000)
  to   space 145408K, 0% used [0x00000000f7200000,0x00000000f7200000,0x0000000100000000)
 ParOldGen       total 283136K, used 124730K [0x0000000081400000, 0x0000000092880000, 0x00000000d5c00000)
  object space 283136K, 44% used [0x0000000081400000,0x0000000088dcead8,0x0000000092880000)
 Metaspace       used 193041K, capacity 197514K, committed 197976K, reserved 1222656K
  class space    used 23066K, capacity 23883K, committed 23936K, reserved 1048576K
Event: 4187.092 GC heap after
Heap after GC invocations=36 (full 6):
 PSYoungGen      total 533504K, used 78445K [0x00000000d5c00000, 0x00000000ff600000, 0x0000000100000000)
  eden space 398336K, 0% used [0x00000000d5c00000,0x00000000d5c00000,0x00000000ee100000)
  from space 135168K, 58% used [0x00000000f7200000,0x00000000fbe9b640,0x00000000ff600000)
  to   space 141824K, 0% used [0x00000000ee100000,0x00000000ee100000,0x00000000f6b80000)
 ParOldGen       total 283136K, used 130714K [0x0000000081400000, 0x0000000092880000, 0x00000000d5c00000)
  object space 283136K, 46% used [0x0000000081400000,0x00000000893a6b18,0x0000000092880000)
 Metaspace       used 193041K, capacity 197514K, committed 197976K, reserved 1222656K
  class space    used 23066K, capacity 23883K, committed 23936K, reserved 1048576K
}

